30
63
49
74
45
68
68
13
72
87
31
19
54
54
33
33
58
11
55
57
11
47
54
38
38
49
25
48
72
18
3
26
46
18
30
60
36
32
56
56
56
26
56
56
20
56
32
56
32
50
11
53
53
53
48
11
5
31
59
23
35
28
58
3
22
24
36
36
65
13
25
35
39
13
21
33
46
34
14
22
22
0
24
69
69
17
17
53
37
40
24
3
54
84
16
16
56
27
27
14
8
11
28
28
52
63
53
53
33
21
13
49
29
2
17
8
14
54
52
6
16
24
58
22
58
31
31
53
53
51
51
15
17
17
29
17
17
3
58
58
17
70
42
33
13
21
35
39
31
13
49
30
18
8
50
26
14
50
41
25
25
65
8
30
30
46
5
50
50
10
76
28
44
16
52
43
15
67
62
12
12
32
16
50
27
67
15
67
9
43
43
27
67
54
80
40
51
35
67
43
5
15
57
57
5
25
81
60
10
38
54
8
54
26
43
32
56
36
0
56
56
34
34
25
43
43
27
67
2
29
29
53
29
29
29
29
2
53
53
53
11
2
4
26
31
55
55
4
17
57
50
8
50
26
50
56
2
23
50
12
61
61
81
7
49
49
49
51
35
51
38
50
14
50
5
75
51
24
64
40
12
40
11
61
49
48
24
47
35
59
54
12
18
54
38
18
18
31
64
52
28
54
54
34
58
34
11
17
36
30
0
54
51
35
51
44
68
15
28
22
58
30
17
37
17
17
37
2
61
61
11
3
84
81
25
49
81
14
50
8
34
43
67
35
24
24
74
5
38
26
11
29
13
44
68
44
69
69
2
32
48
48
36
52
18
1
38
15
72
48
48
1
32
72
47
47
40
55
19
31
31
31
87
55
11
4
12
20
23
23
8
14
42
26
23
15
27
7
11
56
12
66
26
71
19
13
47
47
61
37
7
53
53
4
29
40
24
12
56
35
23
23
57
33
57
33
57
31
5
13
60
56
8
3
32
33
11
34
34
58
9
12
59
59
2
56
56
56
20
54
28
28
68
9
51
58
58
58
83
71
30
54
54
30
18
54
47
23
47
47
3
64
64
77
0
91
35
5
34
14
34
8
34
49
49
9
33
73
67
2
43
67
27
67
43
16
52
52
52
52
28
35
66
35
77
2
4
50
10
28
44
36
36
66
26
42
